2023-04-17 09:21:05,381 :INFO : test_e2e :Done mouse hover on Start From Scratch
2023-04-17 09:30:48,873 :INFO : test_e2e :Login is done sucessfully
2023-04-17 09:30:51,501 :INFO : test_e2e :Done mouse hover on Start From Scratch
2023-04-17 09:30:51,885 :INFO : test_e2e :None
2023-04-17 09:30:53,065 :INFO : test_e2e :welcome to form builder
2023-04-17 09:30:53,166 :INFO : test_e2e :None
2023-04-17 09:30:54,329 :INFO : test_e2e :None
2023-04-17 09:40:06,003 :INFO : test_e2e :Login is done sucessfully
2023-04-17 09:40:08,294 :INFO : test_e2e :welcome to form builder page
2023-04-17 09:40:08,737 :INFO : test_e2e :Done mouse hover on Start From Scratch
2023-04-17 09:40:09,124 :INFO : test_e2e :Uplift your form experience to the next level.
2023-04-17 09:40:10,277 :INFO : test_e2e :welcome to form drag and drop
2023-04-17 10:01:57,199 :INFO : test_e2e :Login is done sucessfully
2023-04-17 10:01:59,581 :INFO : test_dashboard :welcome to form builder page
2023-04-17 10:01:59,988 :INFO : test_dashboard :Done mouse hover on Start From Scratch
2023-04-17 10:02:01,882 :INFO : test_dashboard :welcome to form drag and drop
2023-04-17 10:08:55,884 :INFO : test_e2e :Login is done sucessfully
2023-04-17 10:08:58,254 :INFO : test_dashboard :welcome to form builder page
2023-04-17 10:08:58,706 :INFO : test_formbuilder :Done mouse hover on Start From Scratch
2023-04-17 10:09:00,295 :INFO : test_formbuilder :welcome to form drag and drop
2023-04-17 10:19:41,268 :INFO : test_dashboard :welcome to form builder page
2023-04-17 10:19:41,707 :INFO : test_formbuilder :Done mouse hover on Start From Scratch
2023-04-17 10:19:43,180 :INFO : test_formbuilder :welcome to form drag and drop
2023-04-17 11:50:34,380 :INFO : test_dashboard :welcome to form builder page
2023-04-17 11:50:34,814 :INFO : test_formbuilder :Done mouse hover on Start From Scratch
2023-04-17 11:50:36,341 :INFO : test_formbuilder :welcome to form drag and drop
2023-04-17 12:04:23,227 :INFO : test_dashboard :welcome to form builder page
2023-04-17 12:04:23,658 :INFO : test_formbuilder :Done mouse hover on Start From Scratch
2023-04-17 12:08:19,077 :INFO : test_dashboard :welcome to form builder page
2023-04-17 12:08:19,544 :INFO : test_formbuilder :Done mouse hover on Start From Scratch
2023-04-17 12:08:21,392 :INFO : test_formbuilder :welcome to form drag and drop
2023-04-17 12:13:43,799 :INFO : test_dashboard :welcome to form builder page
2023-04-17 12:13:44,224 :INFO : test_formbuilder :Done mouse hover on Start From Scratch
2023-04-17 12:13:45,704 :INFO : test_formbuilder :welcome to form drag and drop
2023-04-17 13:46:20,538 :INFO : test_dashboard :welcome to form builder page
2023-04-17 13:46:20,965 :INFO : test_formbuilder :Done mouse hover on Start From Scratch
2023-04-17 13:46:22,442 :INFO : test_formbuilder :welcome to form drag and drop
2023-04-17 14:20:56,374 :INFO : test_dashboard :welcome to form builder page
2023-04-17 14:20:56,887 :INFO : test_formbuilder :Done mouse hover on Start From Scratch
2023-04-17 14:20:59,262 :INFO : test_formbuilder :welcome to form drag and drop
2023-04-17 14:23:30,402 :INFO : test_dashboard :welcome to form builder page
2023-04-17 14:23:30,914 :INFO : test_formbuilder :Done mouse hover on Start From Scratch
2023-04-17 14:23:33,357 :INFO : test_formbuilder :welcome to form drag and drop
